<?xml version="1.0" encoding="UTF-8"?>
<!-- Generated by org.testng.reporters.JUnitReportReporter -->
<testsuite hostname="EPINHYDW0C00" failures="0" tests="2" name="runner.TestRunner" time="22.224" errors="0" timestamp="2022-09-19T03:07:44 IST" skipped="0">
  <testcase classname="runner.TestRunner" name="runScenario" time="9.195"/>
  <system-out/>
  <testcase classname="runner.TestRunner" name="runScenario" time="13.029"/>
  <system-out/>
</testsuite> <!-- runner.TestRunner -->
