<?xml version="1.0" encoding="UTF-8"?>
<!-- Generated by org.testng.reporters.JUnitReportReporter -->
<testsuite hostname="EPINHYDW0C00" failures="0" tests="2" name="Utilities.API" time="6.818" errors="0" timestamp="2023-02-16T15:06:21 IST" skipped="0">
  <testcase classname="Utilities.API" name="POSTRequest" time="6.232"/>
  <system-out/>
  <testcase classname="Utilities.API" name="PUTRequest" time="0.586"/>
  <system-out/>
</testsuite> <!-- Utilities.API -->
