<?xml version="1.0" encoding="UTF-8"?>
<!-- Generated by org.testng.reporters.JUnitReportReporter -->
<testsuite hostname="EPINHYDW0C00" failures="0" tests="1" name="stepDefinations.Runner" time="56.493" errors="0" timestamp="2022-09-12T09:42:44 IST" skipped="0">
  <testcase classname="stepDefinations.Runner" name="runScenario" time="56.493"/>
  <system-out/>
</testsuite> <!-- stepDefinations.Runner -->
