<?xml version="1.0" encoding="UTF-8"?>
<!-- Generated by org.testng.reporters.JUnitReportReporter -->
<testsuite hostname="EPINHYDW0C00" failures="0" tests="2" name="runner.TestRunner" time="20.399" errors="0" timestamp="2022-09-19T11:35:24 IST" skipped="0">
  <testcase classname="runner.TestRunner" name="runScenario" time="7.955"/>
  <system-out/>
  <testcase classname="runner.TestRunner" name="runScenario" time="12.444"/>
  <system-out/>
</testsuite> <!-- runner.TestRunner -->
